<?xml version="1.0" encoding="UTF-8"?>
<testng-results ignored="0" total="3" passed="3" failed="0" skipped="0">
  <reporter-output>
  </reporter-output>
  <suite started-at="2024-01-05T18:24:08 CAT" name="Default suite" finished-at="2024-01-05T18:24:28 CAT" duration-ms="20246">
    <groups>
    </groups>
    <test started-at="2024-01-05T18:24:08 CAT" name="Default test" finished-at="2024-01-05T18:24:28 CAT" duration-ms="20246">
      <class name="day27.FirstTest">
        <test-method is-config="true" signature="openApp()[pri:0, instance:day27.FirstTest@2d1ef81a]" started-at="2024-01-05T18:24:08 CAT" name="openApp" finished-at="2024-01-05T18:24:18 CAT" duration-ms="10452" status="PASS">
          <reporter-output>
          </reporter-output>
        </test-method> <!-- openApp -->
        <test-method signature="openApp()[pri:1, instance:day27.FirstTest@2d1ef81a]" started-at="2024-01-05T18:24:18 CAT" name="openApp" finished-at="2024-01-05T18:24:27 CAT" duration-ms="8332" status="PASS">
          <reporter-output>
          </reporter-output>
        </test-method> <!-- openApp -->
        <test-method signature="login()[pri:2, instance:day27.FirstTest@2d1ef81a]" started-at="2024-01-05T18:24:27 CAT" name="login" finished-at="2024-01-05T18:24:28 CAT" duration-ms="1129" status="PASS">
          <reporter-output>
          </reporter-output>
        </test-method> <!-- login -->
        <test-method signature="closeApp()[pri:3, instance:day27.FirstTest@2d1ef81a]" started-at="2024-01-05T18:24:28 CAT" name="closeApp" finished-at="2024-01-05T18:24:28 CAT" duration-ms="276" status="PASS">
          <reporter-output>
          </reporter-output>
        </test-method> <!-- closeApp -->
        <test-method is-config="true" signature="closeApp()[pri:0, instance:day27.FirstTest@2d1ef81a]" started-at="2024-01-05T18:24:28 CAT" name="closeApp" finished-at="2024-01-05T18:24:28 CAT" duration-ms="0" status="PASS">
          <reporter-output>
          </reporter-output>
        </test-method> <!-- closeApp -->
      </class> <!-- day27.FirstTest -->
    </test> <!-- Default test -->
  </suite> <!-- Default suite -->
</testng-results>
